<?xml version="1.0" encoding="UTF-8" ?>
<testsuites disabled="0" errors="0" failures="0" tests="7" time="0.014">
 <testsuite name="String tests" timestamp="2023-11-09T18:16:14" hostname="localhost" time="0.012" errors="0" tests="6" skipped="0" disabled="0" failures="0">
  <testcase classname="String tests" name="should return &apos;Hi Pasha!&apos; with Pasha" time="0.005" />
  <testcase classname="String tests" name="should return &apos;Hi Klava!&apos; with Klava" time="0.001" />
  <testcase classname="String tests" name="should return &apos;Hi Dasha!&apos; with Dasha" time="0" />
  <testcase classname="String tests" name="should return string &apos;Hi ...!&apos; with parameter" time="0.001" />
  <testcase classname="String tests" name="should return string &apos;Hi undefined!&apos; without parameter" time="0" />
  <testcase classname="String tests" name="should return string" time="0.001" />
 </testsuite>
 <testsuite name="String tests.something" timestamp="2023-11-09T18:16:14" hostname="localhost" time="0.002" errors="0" tests="1" skipped="0" disabled="0" failures="0">
  <testcase classname="String tests.something" name="should be true" time="0" />
 </testsuite>
</testsuites>